{"/Users/matthardman/Documents/Work/portfolio/black-jack/components/utils/utilFunctions.js": {"path":"/Users/matthardman/Documents/Work/portfolio/black-jack/components/utils/utilFunctions.js","statementMap":{"0":{"start":{"line":4,"column":24},"end":{"line":6,"column":22}},"1":{"start":{"line":4,"column":40},"end":{"line":4,"column":73}},"2":{"start":{"line":5,"column":20},"end":{"line":5,"column":35}},"3":{"start":{"line":6,"column":14},"end":{"line":6,"column":21}},"4":{"start":{"line":7,"column":2},"end":{"line":7,"column":23}},"5":{"start":{"line":10,"column":18},"end":{"line":36,"column":1}},"6":{"start":{"line":11,"column":16},"end":{"line":14,"column":115}},"7":{"start":{"line":16,"column":18},"end":{"line":16,"column":84}},"8":{"start":{"line":18,"column":17},"end":{"line":18,"column":60}},"9":{"start":{"line":20,"column":16},"end":{"line":30,"column":8}},"10":{"start":{"line":21,"column":20},"end":{"line":27,"column":7}},"11":{"start":{"line":21,"column":52},"end":{"line":27,"column":5}},"12":{"start":{"line":28,"column":4},"end":{"line":28,"column":22}},"13":{"start":{"line":29,"column":4},"end":{"line":29,"column":15}},"14":{"start":{"line":32,"column":15},"end":{"line":32,"column":34}},"15":{"start":{"line":34,"column":23},"end":{"line":34,"column":41}},"16":{"start":{"line":35,"column":2},"end":{"line":35,"column":22}},"17":{"start":{"line":38,"column":18},"end":{"line":42,"column":1}},"18":{"start":{"line":39,"column":16},"end":{"line":39,"column":54}},"19":{"start":{"line":39,"column":42},"end":{"line":39,"column":53}},"20":{"start":{"line":40,"column":20},"end":{"line":40,"column":39}},"21":{"start":{"line":41,"column":2},"end":{"line":41,"column":19}},"22":{"start":{"line":44,"column":13},"end":{"line":44,"column":51}},"23":{"start":{"line":44,"column":20},"end":{"line":44,"column":51}},"24":{"start":{"line":47,"column":20},"end":{"line":47,"column":50}},"25":{"start":{"line":48,"column":38},"end":{"line":48,"column":99}},"26":{"start":{"line":48,"column":79},"end":{"line":48,"column":98}},"27":{"start":{"line":49,"column":25},"end":{"line":49,"column":63}},"28":{"start":{"line":50,"column":2},"end":{"line":50,"column":24}},"29":{"start":{"line":54,"column":15},"end":{"line":54,"column":34}},"30":{"start":{"line":55,"column":2},"end":{"line":55,"column":14}},"31":{"start":{"line":59,"column":15},"end":{"line":59,"column":20}},"32":{"start":{"line":60,"column":20},"end":{"line":66,"column":7}},"33":{"start":{"line":61,"column":4},"end":{"line":63,"column":5}},"34":{"start":{"line":62,"column":6},"end":{"line":62,"column":20}},"35":{"start":{"line":64,"column":19},"end":{"line":64,"column":35}},"36":{"start":{"line":65,"column":4},"end":{"line":65,"column":18}},"37":{"start":{"line":69,"column":2},"end":{"line":72,"column":3}},"38":{"start":{"line":70,"column":19},"end":{"line":70,"column":33}},"39":{"start":{"line":71,"column":4},"end":{"line":71,"column":18}},"40":{"start":{"line":74,"column":17},"end":{"line":74,"column":52}},"41":{"start":{"line":75,"column":2},"end":{"line":75,"column":16}},"42":{"start":{"line":79,"column":2},"end":{"line":81,"column":3}},"43":{"start":{"line":80,"column":4},"end":{"line":80,"column":42}},"44":{"start":{"line":83,"column":2},"end":{"line":85,"column":3}},"45":{"start":{"line":84,"column":4},"end":{"line":84,"column":43}},"46":{"start":{"line":87,"column":2},"end":{"line":89,"column":3}},"47":{"start":{"line":88,"column":4},"end":{"line":88,"column":42}},"48":{"start":{"line":91,"column":2},"end":{"line":93,"column":3}},"49":{"start":{"line":92,"column":4},"end":{"line":92,"column":42}},"50":{"start":{"line":95,"column":2},"end":{"line":97,"column":3}},"51":{"start":{"line":96,"column":4},"end":{"line":96,"column":42}},"52":{"start":{"line":99,"column":2},"end":{"line":99,"column":41}},"53":{"start":{"line":104,"column":2},"end":{"line":110,"column":3}},"54":{"start":{"line":105,"column":4},"end":{"line":105,"column":33}},"55":{"start":{"line":107,"column":4},"end":{"line":109,"column":65}},"56":{"start":{"line":111,"column":2},"end":{"line":111,"column":23}},"57":{"start":{"line":112,"column":2},"end":{"line":112,"column":60}},"58":{"start":{"line":113,"column":2},"end":{"line":113,"column":19}},"59":{"start":{"line":117,"column":2},"end":{"line":119,"column":3}},"60":{"start":{"line":118,"column":4},"end":{"line":118,"column":37}},"61":{"start":{"line":121,"column":2},"end":{"line":123,"column":3}},"62":{"start":{"line":122,"column":4},"end":{"line":122,"column":43}},"63":{"start":{"line":125,"column":2},"end":{"line":127,"column":3}},"64":{"start":{"line":126,"column":4},"end":{"line":126,"column":26}},"65":{"start":{"line":129,"column":2},"end":{"line":131,"column":3}},"66":{"start":{"line":130,"column":4},"end":{"line":130,"column":52}},"67":{"start":{"line":132,"column":2},"end":{"line":132,"column":51}},"68":{"start":{"line":136,"column":21},"end":{"line":145,"column":4}},"69":{"start":{"line":137,"column":17},"end":{"line":137,"column":47}},"70":{"start":{"line":138,"column":21},"end":{"line":138,"column":81}},"71":{"start":{"line":139,"column":4},"end":{"line":139,"column":25}},"72":{"start":{"line":140,"column":4},"end":{"line":140,"column":30}},"73":{"start":{"line":141,"column":4},"end":{"line":141,"column":15}},"74":{"start":{"line":147,"column":2},"end":{"line":147,"column":20}},"75":{"start":{"line":151,"column":33},"end":{"line":151,"column":63}},"76":{"start":{"line":152,"column":22},"end":{"line":152,"column":78}},"77":{"start":{"line":153,"column":43},"end":{"line":153,"column":60}},"78":{"start":{"line":154,"column":37},"end":{"line":154,"column":59}},"79":{"start":{"line":155,"column":32},"end":{"line":155,"column":60}},"80":{"start":{"line":157,"column":2},"end":{"line":160,"column":3}},"81":{"start":{"line":158,"column":27},"end":{"line":158,"column":31}},"82":{"start":{"line":159,"column":4},"end":{"line":159,"column":33}},"83":{"start":{"line":162,"column":2},"end":{"line":174,"column":4}}},"fnMap":{"0":{"name":"shuffleArray","decl":{"start":{"line":3,"column":9},"end":{"line":3,"column":21}},"loc":{"start":{"line":3,"column":29},"end":{"line":8,"column":1}},"line":3},"1":{"name":"(anonymous_1)","decl":{"start":{"line":4,"column":34},"end":{"line":4,"column":35}},"loc":{"start":{"line":4,"column":40},"end":{"line":4,"column":73}},"line":4},"2":{"name":"(anonymous_2)","decl":{"start":{"line":5,"column":10},"end":{"line":5,"column":11}},"loc":{"start":{"line":5,"column":20},"end":{"line":5,"column":35}},"line":5},"3":{"name":"(anonymous_3)","decl":{"start":{"line":6,"column":9},"end":{"line":6,"column":10}},"loc":{"start":{"line":6,"column":14},"end":{"line":6,"column":21}},"line":6},"4":{"name":"(anonymous_4)","decl":{"start":{"line":10,"column":18},"end":{"line":10,"column":19}},"loc":{"start":{"line":10,"column":24},"end":{"line":36,"column":1}},"line":10},"5":{"name":"(anonymous_5)","decl":{"start":{"line":20,"column":29},"end":{"line":20,"column":30}},"loc":{"start":{"line":20,"column":44},"end":{"line":30,"column":3}},"line":20},"6":{"name":"(anonymous_6)","decl":{"start":{"line":21,"column":32},"end":{"line":21,"column":33}},"loc":{"start":{"line":21,"column":52},"end":{"line":27,"column":5}},"line":21},"7":{"name":"(anonymous_7)","decl":{"start":{"line":38,"column":18},"end":{"line":38,"column":19}},"loc":{"start":{"line":38,"column":27},"end":{"line":42,"column":1}},"line":38},"8":{"name":"(anonymous_8)","decl":{"start":{"line":39,"column":36},"end":{"line":39,"column":37}},"loc":{"start":{"line":39,"column":42},"end":{"line":39,"column":53}},"line":39},"9":{"name":"(anonymous_9)","decl":{"start":{"line":44,"column":13},"end":{"line":44,"column":14}},"loc":{"start":{"line":44,"column":20},"end":{"line":44,"column":51}},"line":44},"10":{"name":"returnNewDeckOfCardsWithSpecificCardRemoved","decl":{"start":{"line":46,"column":9},"end":{"line":46,"column":52}},"loc":{"start":{"line":46,"column":77},"end":{"line":51,"column":1}},"line":46},"11":{"name":"(anonymous_11)","decl":{"start":{"line":48,"column":62},"end":{"line":48,"column":63}},"loc":{"start":{"line":48,"column":79},"end":{"line":48,"column":98}},"line":48},"12":{"name":"returnCardToBeDealt","decl":{"start":{"line":53,"column":9},"end":{"line":53,"column":28}},"loc":{"start":{"line":53,"column":47},"end":{"line":56,"column":1}},"line":53},"13":{"name":"totalValueOfCards","decl":{"start":{"line":58,"column":9},"end":{"line":58,"column":26}},"loc":{"start":{"line":58,"column":34},"end":{"line":76,"column":1}},"line":58},"14":{"name":"(anonymous_14)","decl":{"start":{"line":60,"column":33},"end":{"line":60,"column":34}},"loc":{"start":{"line":60,"column":48},"end":{"line":66,"column":3}},"line":60},"15":{"name":"didUserWin","decl":{"start":{"line":78,"column":9},"end":{"line":78,"column":19}},"loc":{"start":{"line":78,"column":60},"end":{"line":100,"column":1}},"line":78},"16":{"name":"returnScores","decl":{"start":{"line":102,"column":9},"end":{"line":102,"column":21}},"loc":{"start":{"line":102,"column":48},"end":{"line":114,"column":1}},"line":102},"17":{"name":"endOfGameMessage","decl":{"start":{"line":116,"column":9},"end":{"line":116,"column":25}},"loc":{"start":{"line":116,"column":50},"end":{"line":133,"column":1}},"line":116},"18":{"name":"deal2CardsToUserAnd1CardToDealer","decl":{"start":{"line":135,"column":9},"end":{"line":135,"column":41}},"loc":{"start":{"line":135,"column":60},"end":{"line":148,"column":1}},"line":135},"19":{"name":"(anonymous_19)","decl":{"start":{"line":136,"column":42},"end":{"line":136,"column":43}},"loc":{"start":{"line":136,"column":51},"end":{"line":142,"column":3}},"line":136},"20":{"name":"startGame","decl":{"start":{"line":150,"column":9},"end":{"line":150,"column":18}},"loc":{"start":{"line":150,"column":37},"end":{"line":175,"column":1}},"line":150}},"branchMap":{"0":{"loc":{"start":{"line":61,"column":4},"end":{"line":63,"column":5}},"type":"if","locations":[{"start":{"line":61,"column":4},"end":{"line":63,"column":5}},{"start":{"line":61,"column":4},"end":{"line":63,"column":5}}],"line":61},"1":{"loc":{"start":{"line":69,"column":2},"end":{"line":72,"column":3}},"type":"if","locations":[{"start":{"line":69,"column":2},"end":{"line":72,"column":3}},{"start":{"line":69,"column":2},"end":{"line":72,"column":3}}],"line":69},"2":{"loc":{"start":{"line":69,"column":6},"end":{"line":69,"column":38}},"type":"binary-expr","locations":[{"start":{"line":69,"column":6},"end":{"line":69,"column":12}},{"start":{"line":69,"column":16},"end":{"line":69,"column":38}}],"line":69},"3":{"loc":{"start":{"line":74,"column":17},"end":{"line":74,"column":52}},"type":"cond-expr","locations":[{"start":{"line":74,"column":34},"end":{"line":74,"column":40}},{"start":{"line":74,"column":43},"end":{"line":74,"column":52}}],"line":74},"4":{"loc":{"start":{"line":79,"column":2},"end":{"line":81,"column":3}},"type":"if","locations":[{"start":{"line":79,"column":2},"end":{"line":81,"column":3}},{"start":{"line":79,"column":2},"end":{"line":81,"column":3}}],"line":79},"5":{"loc":{"start":{"line":83,"column":2},"end":{"line":85,"column":3}},"type":"if","locations":[{"start":{"line":83,"column":2},"end":{"line":85,"column":3}},{"start":{"line":83,"column":2},"end":{"line":85,"column":3}}],"line":83},"6":{"loc":{"start":{"line":87,"column":2},"end":{"line":89,"column":3}},"type":"if","locations":[{"start":{"line":87,"column":2},"end":{"line":89,"column":3}},{"start":{"line":87,"column":2},"end":{"line":89,"column":3}}],"line":87},"7":{"loc":{"start":{"line":91,"column":2},"end":{"line":93,"column":3}},"type":"if","locations":[{"start":{"line":91,"column":2},"end":{"line":93,"column":3}},{"start":{"line":91,"column":2},"end":{"line":93,"column":3}}],"line":91},"8":{"loc":{"start":{"line":95,"column":2},"end":{"line":97,"column":3}},"type":"if","locations":[{"start":{"line":95,"column":2},"end":{"line":97,"column":3}},{"start":{"line":95,"column":2},"end":{"line":97,"column":3}}],"line":95},"9":{"loc":{"start":{"line":104,"column":2},"end":{"line":110,"column":3}},"type":"if","locations":[{"start":{"line":104,"column":2},"end":{"line":110,"column":3}},{"start":{"line":104,"column":2},"end":{"line":110,"column":3}}],"line":104},"10":{"loc":{"start":{"line":107,"column":16},"end":{"line":109,"column":64}},"type":"cond-expr","locations":[{"start":{"line":108,"column":8},"end":{"line":108,"column":60}},{"start":{"line":109,"column":8},"end":{"line":109,"column":64}}],"line":107},"11":{"loc":{"start":{"line":117,"column":2},"end":{"line":119,"column":3}},"type":"if","locations":[{"start":{"line":117,"column":2},"end":{"line":119,"column":3}},{"start":{"line":117,"column":2},"end":{"line":119,"column":3}}],"line":117},"12":{"loc":{"start":{"line":121,"column":2},"end":{"line":123,"column":3}},"type":"if","locations":[{"start":{"line":121,"column":2},"end":{"line":123,"column":3}},{"start":{"line":121,"column":2},"end":{"line":123,"column":3}}],"line":121},"13":{"loc":{"start":{"line":125,"column":2},"end":{"line":127,"column":3}},"type":"if","locations":[{"start":{"line":125,"column":2},"end":{"line":127,"column":3}},{"start":{"line":125,"column":2},"end":{"line":127,"column":3}}],"line":125},"14":{"loc":{"start":{"line":129,"column":2},"end":{"line":131,"column":3}},"type":"if","locations":[{"start":{"line":129,"column":2},"end":{"line":131,"column":3}},{"start":{"line":129,"column":2},"end":{"line":131,"column":3}}],"line":129},"15":{"loc":{"start":{"line":157,"column":2},"end":{"line":160,"column":3}},"type":"if","locations":[{"start":{"line":157,"column":2},"end":{"line":160,"column":3}},{"start":{"line":157,"column":2},"end":{"line":160,"column":3}}],"line":157}},"s":{"0":0,"1":0,"2":0,"3":0,"4":0,"5":1,"6":0,"7":0,"8":0,"9":0,"10":0,"11":0,"12":0,"13":0,"14":0,"15":0,"16":0,"17":1,"18":0,"19":0,"20":0,"21":0,"22":1,"23":0,"24":0,"25":0,"26":0,"27":0,"28":0,"29":0,"30":0,"31":3,"32":3,"33":8,"34":2,"35":8,"36":8,"37":3,"38":1,"39":1,"40":2,"41":2,"42":15,"43":1,"44":14,"45":3,"46":11,"47":3,"48":8,"49":4,"50":4,"51":3,"52":1,"53":3,"54":1,"55":2,"56":3,"57":3,"58":3,"59":5,"60":2,"61":3,"62":1,"63":2,"64":0,"65":2,"66":1,"67":1,"68":0,"69":0,"70":0,"71":0,"72":0,"73":0,"74":0,"75":0,"76":0,"77":0,"78":0,"79":0,"80":0,"81":0,"82":0,"83":0},"f":{"0":0,"1":0,"2":0,"3":0,"4":0,"5":0,"6":0,"7":0,"8":0,"9":0,"10":0,"11":0,"12":0,"13":3,"14":8,"15":15,"16":3,"17":5,"18":0,"19":0,"20":0},"b":{"0":[2,6],"1":[1,2],"2":[3,2],"3":[1,1],"4":[1,14],"5":[3,11],"6":[3,8],"7":[4,4],"8":[3,1],"9":[1,2],"10":[1,1],"11":[2,3],"12":[1,2],"13":[0,2],"14":[1,1],"15":[0,0]},"_coverageSchema":"43e27e138ebf9cfc5966b082cf9a028302ed4184","hash":"e166a88af7b2ffe7f8550ef4aead41e229e93217"}
}
