TN:
SF:/Users/matthardman/Documents/Work/portfolio/black-jack/components/utils/utilFunctions.js
FN:3,shuffleArray
FN:4,(anonymous_1)
FN:5,(anonymous_2)
FN:6,(anonymous_3)
FN:10,(anonymous_4)
FN:20,(anonymous_5)
FN:21,(anonymous_6)
FN:38,(anonymous_7)
FN:39,(anonymous_8)
FN:44,(anonymous_9)
FN:46,returnNewDeckOfCardsWithSpecificCardRemoved
FN:48,(anonymous_11)
FN:53,returnCardToBeDealt
FN:58,totalValueOfCards
FN:60,(anonymous_14)
FN:78,didUserWin
FN:102,returnScores
FN:116,endOfGameMessage
FN:135,deal2CardsToUserAnd1CardToDealer
FN:136,(anonymous_19)
FN:150,startGame
FNF:21
FNH:5
FNDA:0,shuffleArray
FNDA:0,(anonymous_1)
FNDA:0,(anonymous_2)
FNDA:0,(anonymous_3)
FNDA:0,(anonymous_4)
FNDA:0,(anonymous_5)
FNDA:0,(anonymous_6)
FNDA:0,(anonymous_7)
FNDA:0,(anonymous_8)
FNDA:0,(anonymous_9)
FNDA:0,returnNewDeckOfCardsWithSpecificCardRemoved
FNDA:0,(anonymous_11)
FNDA:0,returnCardToBeDealt
FNDA:3,totalValueOfCards
FNDA:8,(anonymous_14)
FNDA:15,didUserWin
FNDA:3,returnScores
FNDA:5,endOfGameMessage
FNDA:0,deal2CardsToUserAnd1CardToDealer
FNDA:0,(anonymous_19)
FNDA:0,startGame
DA:4,0
DA:5,0
DA:6,0
DA:7,0
DA:10,1
DA:11,0
DA:16,0
DA:18,0
DA:20,0
DA:21,0
DA:28,0
DA:29,0
DA:32,0
DA:34,0
DA:35,0
DA:38,1
DA:39,0
DA:40,0
DA:41,0
DA:44,1
DA:47,0
DA:48,0
DA:49,0
DA:50,0
DA:54,0
DA:55,0
DA:59,3
DA:60,3
DA:61,8
DA:62,2
DA:64,8
DA:65,8
DA:69,3
DA:70,1
DA:71,1
DA:74,2
DA:75,2
DA:79,15
DA:80,1
DA:83,14
DA:84,3
DA:87,11
DA:88,3
DA:91,8
DA:92,4
DA:95,4
DA:96,3
DA:99,1
DA:104,3
DA:105,1
DA:107,2
DA:111,3
DA:112,3
DA:113,3
DA:117,5
DA:118,2
DA:121,3
DA:122,1
DA:125,2
DA:126,0
DA:129,2
DA:130,1
DA:132,1
DA:136,0
DA:137,0
DA:138,0
DA:139,0
DA:140,0
DA:141,0
DA:147,0
DA:151,0
DA:152,0
DA:153,0
DA:154,0
DA:155,0
DA:157,0
DA:158,0
DA:159,0
DA:162,0
LF:79
LH:39
BRDA:61,0,0,2
BRDA:61,0,1,6
BRDA:69,1,0,1
BRDA:69,1,1,2
BRDA:69,2,0,3
BRDA:69,2,1,2
BRDA:74,3,0,1
BRDA:74,3,1,1
BRDA:79,4,0,1
BRDA:79,4,1,14
BRDA:83,5,0,3
BRDA:83,5,1,11
BRDA:87,6,0,3
BRDA:87,6,1,8
BRDA:91,7,0,4
BRDA:91,7,1,4
BRDA:95,8,0,3
BRDA:95,8,1,1
BRDA:104,9,0,1
BRDA:104,9,1,2
BRDA:107,10,0,1
BRDA:107,10,1,1
BRDA:117,11,0,2
BRDA:117,11,1,3
BRDA:121,12,0,1
BRDA:121,12,1,2
BRDA:125,13,0,0
BRDA:125,13,1,2
BRDA:129,14,0,1
BRDA:129,14,1,1
BRDA:157,15,0,0
BRDA:157,15,1,0
BRF:32
BRH:29
end_of_record
